Arguments: 
  C:\Program Files\nodejs\node.exe C:\Users\Win\AppData\Roaming\npm\node_modules\yarn\bin\yarn.js init

PATH: 
  C:\Users\Win\Desktop\Dev\UdemyJavaScript\Softwares\cmder\vendor\bin;C:\Users\Win\Desktop\Dev\UdemyJavaScript\Softwares\cmder\vendor\git-for-windows\cmd;C:\Users\Win\Desktop\Dev\UdemyJavaScript\Softwares\cmder\vendor\conemu-maximus5\ConEmu\Scripts;C:\Users\Win\Desktop\Dev\UdemyJavaScript\Softwares\cmder\vendor\conemu-maximus5;C:\Users\Win\Desktop\Dev\UdemyJavaScript\Softwares\cmder\vendor\conemu-maximus5\ConEmu;C:\Python39\Scripts\;C:\Python39\;C:\ProgramData\Oracle\Java\javapath;C:\Program Files (x86)\Intel\iCLS Client\;C:\Program Files\Intel\iCLS Client\;C:\Windows\system32;C:\Windows;C:\Windows\System32\Wbem;C:\Windows\System32\WindowsPowerShell\v1.0\;C:\Program Files (x86)\AMD\ATI.ACE\Core-Static;C:\Program Files\Intel\WiFi\bin\;C:\Program Files\Common Files\Intel\WirelessCommon\;C:\Program Files\Intel\Intel(R) Management Engine Components\DAL;C:\Program Files (x86)\Intel\Intel(R) Management Engine Components\DAL;C:\Program Files\Intel\Intel(R) Management Engine Components\IPT;C:\Program Files (x86)\Intel\Intel(R) Management Engine Components\IPT;C:\Program Files\MySQL\MySQL Utilities 1.6\;C:\Program Files\nodejs\;C:\ProgramData\chocolatey\bin;C:\Program Files\Intel\WiFi\bin\;C:\Program Files\Common Files\Intel\WirelessCommon\;C:\Users\Win\AppData\Local\Programs\Microsoft VS Code\bin;C:\Users\Win\AppData\Roaming\npm;C:\Users\Win\Desktop\Dev\UdemyJavaScript\Softwares\cmder\vendor\git-for-windows\mingw64\bin;C:\Users\Win\Desktop\Dev\UdemyJavaScript\Softwares\cmder\vendor\git-for-windows\usr\bin;C:\Users\Win\Desktop\Dev\UdemyJavaScript\Softwares\cmder

Yarn version: 
  1.22.10

Node version: 
  14.15.1

Platform: 
  win32 x64

Trace: 
  Error: canceled
      at Interface.<anonymous> (C:\Users\Win\AppData\Roaming\npm\node_modules\yarn\lib\cli.js:136216:13)
      at Interface.emit (events.js:315:20)
      at Interface._ttyWrite (readline.js:875:16)
      at ReadStream.onkeypress (readline.js:213:10)
      at ReadStream.emit (events.js:315:20)
      at emitKeys (internal/readline/utils.js:345:14)
      at emitKeys.next (<anonymous>)
      at ReadStream.onData (readline.js:1144:36)
      at ReadStream.emit (events.js:315:20)
      at addChunk (_stream_readable.js:309:12)

npm manifest: 
  No manifest

yarn manifest: 
  No manifest

Lockfile: 
  No lockfile
